12:59:05.241 karate.env = null 
12:59:05.242 config.baseUrl = https://api.weatherbit.io/v2.0/current 
12:59:05.242 config.apiKey = f767c102bb874909878729858a9ca968 
12:59:05.266 request:
1 > GET https://api.weatherbit.io/v2.0/current?lat=latitude&lon=longtitude&marine=&units=&lang=&key=f767c102bb874909878729858a9ca968
1 > Accept-Encoding: gzip,deflate
1 > Connection: Keep-Alive
1 > Content-Type: application/x-www-form-urlencoded; charset=utf-8
1 > Host: api.weatherbit.io
1 > User-Agent: Apache-HttpClient/4.5.5 (Java/1.8.0_40)

12:59:06.268 response time in milliseconds: 1000.37
1 < 400
1 < Access-Control-Allow-Headers: DNT,X-CustomHeader,Keep-Alive,User-Agent,X-Requested-With,If-Modified-Since,Cache-Control,Content-Type,Content-Range,Range
1 < Access-Control-Allow-Methods: GET, OPTIONS, POST
1 < Access-Control-Allow-Origin: *
1 < Access-Control-Expose-Headers: DNT,X-CustomHeader,Keep-Alive,User-Agent,X-Requested-With,If-Modified-Since,Cache-Control,Content-Type,Content-Range,Range
1 < Content-Length: 39
1 < Content-Type: application/json; charset=utf-8
1 < Date: Fri, 10 Jan 2020 01:59:06 GMT
1 < Server: openresty/1.11.2.2
1 < X-Proxy-Cache: MISS
1 < X-RateLimit-Limit: 1000
1 < X-RateLimit-Remaining: 906
1 < X-RateLimit-Reset: 1578700481
{"error": "Invalid lat/lon supplied."}


12:59:06.273 abort at feature: classpath:weather/weather.feature, scenario: Find weather data based on provided values, line: 14
2,"timezone":"Africa\/Accra","ob_time":"2020-01-10 01:52","country_code":"GH","clouds":100,"ts":1578621150,"solar_rad":0,"state_code":"09","city_name":"Takoradi","wind_spd":3.80453,"last_ob_time":"2020-01-10T01:34:00","wind_cdir_full":"south-southwest","wind_cdir":"SSW","slp":1011.53,"vis":24.1351,"h_angle":-90,"sunset":"18:09","dni":0,"dewpt":23.2,"snow":0,"uv":0,"precip":0.125,"wind_dir":200,"sunrise":"06:04","ghi":0,"dhi":0,"aqi":93,"lat":0,"weather":{"icon":"c04n","code":804,"description":"Overcast clouds"},"datetime":"2020-01-10:01","temp":28.1,"station":"D7059","elev_angle":-64.45,"app_temp":31.5}],"count":1}


12:57:01.173 assertion failed: path: $, actual: 200, expected: 400, reason: not equal (Integer)

