12:59:03.227 karate.env = null 
12:59:03.229 config.baseUrl = https://api.weatherbit.io/v2.0/current 
12:59:03.230 config.apiKey = f767c102bb874909878729858a9ca968 
12:59:04.059 request:
1 > GET https://api.weatherbit.io/v2.0/current?lat=855&lon=-123&marine=t&units=M&lang=&key=f767c102bb874909878729858a9ca968
1 > Accept-Encoding: gzip,deflate
1 > Connection: Keep-Alive
1 > Content-Type: application/x-www-form-urlencoded; charset=utf-8
1 > Host: api.weatherbit.io
1 > User-Agent: Apache-HttpClient/4.5.5 (Java/1.8.0_40)

12:59:05.219 response time in milliseconds: 1157.24
1 < 200
1 < Access-Control-Allow-Headers: DNT,X-CustomHeader,Keep-Alive,User-Agent,X-Requested-With,If-Modified-Since,Cache-Control,Content-Type,Content-Range,Range
1 < Access-Control-Allow-Methods: GET, OPTIONS, POST
1 < Access-Control-Allow-Origin: *
1 < Access-Control-Expose-Headers: DNT,X-CustomHeader,Keep-Alive,User-Agent,X-Requested-With,If-Modified-Since,Cache-Control,Content-Type,Content-Range,Range
1 < Content-Type: application/json; charset=utf-8
1 < Date: Fri, 10 Jan 2020 01:59:05 GMT
1 < Server: openresty/1.11.2.2
1 < Transfer-Encoding: chunked
1 < X-Cache-Key: api.weatherbit.io/v2.0/current?lat=855&lon=-123&marine=t&units=M&lang=&key=f767c102bb874909878729858a9ca968
1 < X-Proxy-Cache: HIT
1 < X-RateLimit-Limit: 1000
1 < X-RateLimit-Remaining: 910
1 < X-RateLimit-Reset: 1578700481
{"data":[{"wind_cdir":"SSW","rh":96,"pod":"n","pres":1024.16,"timezone":"America\/Iqaluit","ob_time":"2020-01-10 01:52","country_code":"GL","clouds":0,"ts":1578621149,"solar_rad":0,"state_code":"05","city_name":"Siorapaluk","wind_spd":2.92243,"last_ob_time":"2020-01-10T01:00:00","wind_cdir_full":"south-southwest","slp":1024.15,"vis":24.1355,"lon":-123,"uv":0,"datetime":"2020-01-10:01","h_angle":null,"dewpt":-28.8,"aqi":null,"dhi":0,"wind_dir":202,"elev_angle":-20.06,"ghi":0,"precip":null,"sunrise":"00:00","lat":855,"weather":{"icon":"c01n","code":"800","description":"Clear sky"},"sunset":"99:99","temp":-25.6,"dni":0,"station":"CZLT","app_temp":-37}],"count":1}


12:57:00.122 assertion failed: path: $, actual: {data=[{"wind_cdir":"SSW","rh":96,"pod":"n","pres":1024.16,"timezone":"America\/Iqaluit","ob_time":"2020-01-10 01:52","country_code":"GL","clouds":0,"ts":1578621149,"solar_rad":0,"state_code":"05","city_name":"Siorapaluk","wind_spd":2.92243,"last_ob_time":"2020-01-10T01:00:00","wind_cdir_full":"south-southwest","slp":1024.15,"vis":24.1355,"lon":-123,"uv":0,"datetime":"2020-01-10:01","h_angle":null,"dewpt":-28.8,"aqi":null,"dhi":0,"wind_dir":202,"elev_angle":-20.06,"ghi":0,"precip":null,"sunrise":"00:00","lat":855,"weather":{"icon":"c01n","code":"800","description":"Clear sky"},"sunset":"99:99","temp":-25.6,"dni":0,"station":"CZLT","app_temp":-37}], count=1}, expected: {count=1, data=#notnull, data[0].pod=["d","|| 'n'"]}, reason: all key-values did not match, expected has un-matched keys: [data[0].pod]
