16:21:12.425 karate.env = null 
16:21:12.429 config.baseUrl = https://api.weatherbit.io/v2.0/current 
16:21:12.429 config.apiKey = f767c102bb874909878729858a9ca968 
16:21:13.307 request:
1 > GET https://api.weatherbit.io/v2.0/current?postal_code=P5N+2J4&country=&marine=&units=&lang=&key=f767c102bb874909878729858a9ca968
1 > Accept-Encoding: gzip,deflate
1 > Connection: Keep-Alive
1 > Host: api.weatherbit.io
1 > User-Agent: Apache-HttpClient/4.5.5 (Java/1.8.0_40)

16:21:14.491 response time in milliseconds: 1180.18
1 < 200
1 < Access-Control-Allow-Headers: DNT,X-CustomHeader,Keep-Alive,User-Agent,X-Requested-With,If-Modified-Since,Cache-Control,Content-Type,Content-Range,Range
1 < Access-Control-Allow-Methods: GET, OPTIONS, POST
1 < Access-Control-Allow-Origin: *
1 < Access-Control-Expose-Headers: DNT,X-CustomHeader,Keep-Alive,User-Agent,X-Requested-With,If-Modified-Since,Cache-Control,Content-Type,Content-Range,Range
1 < Content-Type: application/json; charset=utf-8
1 < Date: Fri, 10 Jan 2020 05:21:14 GMT
1 < Server: openresty/1.11.2.2
1 < Transfer-Encoding: chunked
1 < X-Cache-Key: api.weatherbit.io/v2.0/current?postal_code=P5N+2J4&country=&marine=&units=&lang=&key=f767c102bb874909878729858a9ca968
1 < X-Proxy-Cache: HIT
1 < X-RateLimit-Limit: 1000
1 < X-RateLimit-Remaining: 712
1 < X-RateLimit-Reset: 1578700481
{"data":[{"rh":85,"pod":"n","lon":-82.4331,"pres":978.9,"timezone":"America\/Toronto","ob_time":"2020-01-10 04:23","country_code":"CA","clouds":100,"ts":1578630180,"solar_rad":0,"state_code":"08","city_name":"Kapuskasing","wind_spd":5.1,"last_ob_time":"2020-01-10T04:23:00","wind_cdir_full":"southeast","wind_cdir":"SE","slp":1008.1,"vis":5,"h_angle":-90,"sunset":"21:51","dni":0,"dewpt":-13,"snow":0,"uv":0,"precip":0,"wind_dir":140,"sunrise":"13:22","ghi":0,"dhi":0,"aqi":30,"lat":49.4169,"weather":{"icon":"c04n","code":"804","description":"Overcast clouds"},"datetime":"2020-01-10:04","temp":-11,"station":"CYYU","elev_angle":-61.68,"app_temp":-18.7}],"count":1}


16:21:14.510 karate.env = null 
16:21:14.510 config.baseUrl = https://api.weatherbit.io/v2.0/current 
16:21:14.511 config.apiKey = f767c102bb874909878729858a9ca968 
16:21:14.539 request:
1 > GET https://api.weatherbit.io/v2.0/current?postal_code=989900&country=&marine=&units=M&lang=zh-tw&key=f767c102bb874909878729858a9ca968
1 > Accept-Encoding: gzip,deflate
1 > Connection: Keep-Alive
1 > Host: api.weatherbit.io
1 > User-Agent: Apache-HttpClient/4.5.5 (Java/1.8.0_40)

16:21:15.546 response time in milliseconds: 1006.87
1 < 200
1 < Access-Control-Allow-Headers: DNT,X-CustomHeader,Keep-Alive,User-Agent,X-Requested-With,If-Modified-Since,Cache-Control,Content-Type,Content-Range,Range
1 < Access-Control-Allow-Methods: GET, OPTIONS, POST
1 < Access-Control-Allow-Origin: *
1 < Access-Control-Expose-Headers: DNT,X-CustomHeader,Keep-Alive,User-Agent,X-Requested-With,If-Modified-Since,Cache-Control,Content-Type,Content-Range,Range
1 < Content-Type: application/json; charset=utf-8
1 < Date: Fri, 10 Jan 2020 05:21:15 GMT
1 < Server: openresty/1.11.2.2
1 < Transfer-Encoding: chunked
1 < X-Cache-Key: api.weatherbit.io/v2.0/current?postal_code=989900&country=&marine=&units=M&lang=zh-tw&key=f767c102bb874909878729858a9ca968
1 < X-Proxy-Cache: HIT
1 < X-RateLimit-Limit: 1000
1 < X-RateLimit-Remaining: 706
1 < X-RateLimit-Reset: 1578700481
{"data":[{"rh":73,"pod":"n","lon":28.9088,"pres":969,"timezone":"Europe\/Helsinki","ob_time":"2020-01-10 04:41","country_code":"FI","clouds":1,"ts":1578631260,"solar_rad":0,"state_code":"19","city_name":"Salla","wind_spd":2.24,"last_ob_time":"2020-01-10T04:41:00","wind_cdir_full":"西北","wind_cdir":"北西","slp":994.6,"vis":5,"h_angle":-90,"sunset":"11:46","dni":0,"dewpt":-8.6,"snow":0,"uv":0,"precip":0,"wind_dir":304,"sunrise":"08:35","ghi":0,"dhi":0,"aqi":22,"lat":66.9966,"weather":{"icon":"c01n","code":"800","description":"清楚的天空"},"datetime":"2020-01-10:05","temp":-4.4,"station":"D3689","elev_angle":-15.66,"app_temp":-7.9}],"count":1}


338 karate.env = null 
16:08:59.339 config.baseUrl = https://api.weatherbit.io/v2.0/current 
16:08:59.339 config.apiKey = f767c102bb874909878729858a9ca968 
16:08:59.350 request:
1 > GET https://api.weatherbit.io/v2.0/current?postal_code=989900&country=&marine=&units=M&lang=zh-tw&key=f767c102bb874909878729858a9ca968
1 > Accept-Encoding: gzip,deflate
1 > Connection: Keep-Alive
1 > Host: api.weatherbit.io
1 > User-Agent: Apache-HttpClient/4.5.5 (Java/1.8.0_40)

16:09:00.373 response time in milliseconds: 1022.49
1 < 200
1 < Access-Control-Allow-Headers: DNT,X-CustomHeader,Keep-Alive,User-Agent,X-Requested-With,If-Modified-Since,Cache-Control,Content-Type,Content-Range,Range
1 < Access-Control-Allow-Methods: GET, OPTIONS, POST
1 < Access-Control-Allow-Origin: *
1 < Access-Control-Expose-Headers: DNT,X-CustomHeader,Keep-Alive,User-Agent,X-Requested-With,If-Modified-Since,Cache-Control,Content-Type,Content-Range,Range
1 < Content-Type: application/json; charset=utf-8
1 < Date: Fri, 10 Jan 2020 05:09:00 GMT
1 < Server: openresty/1.11.2.2
1 < Transfer-Encoding: chunked
1 < X-Cache-Key: api.weatherbit.io/v2.0/current?postal_code=989900&country=&marine=&units=M&lang=zh-tw&key=f767c102bb874909878729858a9ca968
1 < X-Proxy-Cache: MISS
1 < X-RateLimit-Limit: 1000
1 < X-RateLimit-Remaining: 717
1 < X-RateLimit-Reset: 1578700481
{"data":[{"rh":73,"pod":"n","lon":28.9088,"pres":969,"timezone":"Europe\/Helsinki","ob_time":"2020-01-10 04:41","country_code":"FI","clouds":1,"ts":1578631260,"solar_rad":0,"state_code":"19","city_name":"Salla","wind_spd":2.24,"last_ob_time":"2020-01-10T04:41:00","wind_cdir_full":"西北","wind_cdir":"北西","slp":994.6,"vis":5,"h_angle":-90,"sunset":"11:46","dni":0,"dewpt":-8.6,"snow":0,"uv":0,"precip":0,"wind_dir":304,"sunrise":"08:35","ghi":0,"dhi":0,"aqi":22,"lat":66.9966,"weather":{"icon":"c01n","code":"800","description":"清楚的天空"},"datetime":"2020-01-10:05","temp":-4.4,"station":"D3689","elev_angle":-15.66,"app_temp":-7.9}],"count":1}


,"count":1}


14:47:50.758 assertion failed: path: $, actual: 200, expected: 400, reason: not equal (Integer)
